This is pdfTeXk, Version 3.141592-1.40.3 (Web2C 7.5.6) (format=pdflatex 2009.9.17)  20 FEB 2010 17:05
entering extended mode
 %&-line parsing enabled.
**Articulo.tex
(./Articulo.tex
LaTeX2e <2005/12/01>
Babel <v3.8h> and hyphenation patterns for english, usenglishmax, dumylang, noh
yphenation, ukrainian, russian, bulgarian, loaded.
(./ieee.cls
Document Class `ieee' <Modified: 2000, Gregory L. Plett>.
Document Class: ieee 2000/01/11
\narrowcol=\skip41
\parindentsave=\skip42
ieee: `Final' mode selected.
ieee: Narrow equation arrays selected.
ieee: Narrower inline equations selected.
ieee: No separate title page.
(/usr/share/texmf-texlive/tex/latex/base/article.cls
Document Class: article 2005/09/16 v1.4f Standard LaTeX document class
(/usr/share/texmf-texlive/tex/latex/base/size10.clo
File: size10.clo 2005/09/16 v1.4f Standard LaTeX file (size option)
)
\c@part=\count79
\c@section=\count80
\c@subsection=\count81
\c@subsubsection=\count82
\c@paragraph=\count83
\c@subparagraph=\count84
\c@figure=\count85
\c@table=\count86
\abovecaptionskip=\skip43
\belowcaptionskip=\skip44
\bibindent=\dimen102
)
(/usr/share/texmf-texlive/tex/latex/graphics/graphicx.sty
Package: graphicx 1999/02/16 v1.0f Enhanced LaTeX Graphics (DPC,SPQR)

(/usr/share/texmf-texlive/tex/latex/graphics/keyval.sty
Package: keyval 1999/03/16 v1.13 key=value parser (DPC)
\KV@toks@=\toks14
)
(/usr/share/texmf-texlive/tex/latex/graphics/graphics.sty
Package: graphics 2006/02/20 v1.0o Standard LaTeX Graphics (DPC,SPQR)

(/usr/share/texmf-texlive/tex/latex/graphics/trig.sty
Package: trig 1999/03/16 v1.09 sin cos tan (DPC)
)
(/etc/texmf/tex/latex/config/graphics.cfg
File: graphics.cfg 2007/01/18 v1.5 graphics configuration of teTeX/TeXLive
)
Package graphics Info: Driver file: pdftex.def on input line 90.

(/usr/share/texmf-texlive/tex/latex/pdftex-def/pdftex.def
File: pdftex.def 2007/01/08 v0.04d Graphics/color for pdfTeX
\Gread@gobject=\count87
))
\Gin@req@height=\dimen103
\Gin@req@width=\dimen104
)
(/usr/share/texmf-texlive/tex/latex/base/ifthen.sty
Package: ifthen 2001/05/26 v1.1c Standard LaTeX ifthen package (DPC)
)
-- This is a 10 point document
\tmpitemindent=\dimen105
\captionindent=\skip45
\timehh=\count88
\timemm=\count89
\c@numappendices=\count90
\br=\count91
\nb=\count92
\tcdsav=\count93
\tcl=\count94
\tcd=\count95
\tcn=\count96
\cumtcl=\count97
\rtside=\dimen106
\hpic=\dimen107
\vpic=\dimen108
\strutilg=\dimen109
\picwd=\dimen110
\topheight=\dimen111
\ilg=\dimen112
\lpic=\dimen113
\lwindowsep=\dimen114
\rwindowsep=\dimen115
\cumpar=\dimen116
\twa=\toks15
\la=\toks16
\ra=\toks17
\ha=\toks18
\pictoc=\toks19
\rawtext=\box26
\holder=\box27
\windowbox=\box28
\wartext=\box29
\finaltext=\box30
\aslice=\box31
\bslice=\box32
\wbox=\box33
\wstrutbox=\box34
\picbox=\box35
\waslice=\box36
\wbslice=\box37
\fslice=\box38
) (/usr/share/texmf-texlive/tex/generic/babel/babel.sty
Package: babel 2005/11/23 v3.8h The Babel package

(/usr/share/texmf-texlive/tex/generic/babel/spanish.ldf
Language: spanish.ldf 2005/03/31 v4.2b Spanish support from the babel system

(/usr/share/texmf-texlive/tex/generic/babel/babel.def
File: babel.def 2005/11/23 v3.8h Babel common definitions
\babel@savecnt=\count98
\U@D=\dimen117
)

Package babel Warning: No hyphenation patterns were loaded for
(babel)                the language `Spanish'
(babel)                I will use the patterns loaded for \language=0 instead.

\l@spanish = a dialect from \language0
\es@quottoks=\toks20
\es@quotdepth=\count99
Package babel Info: Making . an active character on input line 509.
Package babel Info: Making " an active character on input line 540.
Package babel Info: Making < an active character on input line 641.
Package babel Info: Making > an active character on input line 642.
Package babel Info: Making ' an active character on input line 693.
)) (/usr/share/texmf-texlive/tex/latex/geometry/geometry.sty
Package: geometry 2002/07/08 v3.2 Page Geometry
\Gm@cnth=\count100
\Gm@cntv=\count101
\c@Gm@tempcnt=\count102
\Gm@bindingoffset=\dimen118
\Gm@wd@mp=\dimen119
\Gm@odd@mp=\dimen120
\Gm@even@mp=\dimen121
\Gm@dimlist=\toks21

(/usr/share/texmf-texlive/tex/xelatex/xetexconfig/geometry.cfg))
(./Articulo.aux)
\openout1 = `Articulo.aux'.

LaTeX Font Info:    Checking defaults for OML/cmm/m/it on input line 41.
LaTeX Font Info:    ... okay on input line 41.
LaTeX Font Info:    Checking defaults for T1/cmr/m/n on input line 41.
LaTeX Font Info:    ... okay on input line 41.
LaTeX Font Info:    Checking defaults for OT1/cmr/m/n on input line 41.
LaTeX Font Info:    ... okay on input line 41.
LaTeX Font Info:    Checking defaults for OMS/cmsy/m/n on input line 41.
LaTeX Font Info:    ... okay on input line 41.
LaTeX Font Info:    Checking defaults for OMX/cmex/m/n on input line 41.
LaTeX Font Info:    ... okay on input line 41.
LaTeX Font Info:    Checking defaults for U/cmr/m/n on input line 41.
LaTeX Font Info:    ... okay on input line 41.
 (/usr/share/texmf/tex/context/base/supp-pdf.tex
[Loading MPS to PDF converter (version 2006.09.02).]
\scratchcounter=\count103
\scratchdimen=\dimen122
\scratchbox=\box39
\nofMPsegments=\count104
\nofMParguments=\count105
\everyMPshowfont=\toks22
\MPscratchCnt=\count106
\MPscratchDim=\dimen123
\MPnumerator=\count107
\everyMPtoPDFconversion=\toks23
)
-------------------- Geometry parameters
paper: class default
landscape: --
twocolumn: true
twoside: true
asymmetric: --
h-parts: 91.04872pt, 432.19756pt, 91.04872pt
v-parts: 99.58464pt, 681.15898pt, 14.22636pt
hmarginratio: --
vmarginratio: --
lines: --
heightrounded: --
bindingoffset: 0.0pt
truedimen: --
includehead: --
includefoot: --
includemp: --
driver: pdftex
-------------------- Page layout dimensions and switches
\paperwidth  614.295pt
\paperheight 794.96999pt
\textwidth  432.19756pt
\textheight 681.15898pt
\oddsidemargin  18.77873pt
\evensidemargin 18.77873pt
\topmargin  -4.60226pt
\headheight 12.0pt
\headsep    19.91692pt
\footskip   17.07164pt
\marginparwidth 20.0pt
\marginparsep   10.0pt
\columnsep  11.38109pt
\skip\footins  10.0pt plus 5.0pt minus 2.0pt
\hoffset 0.0pt
\voffset -36.135pt
\mag 1000
\@twocolumntrue \@twosidetrue \@mparswitchtrue 
(1in=72.27pt, 1cm=28.45pt)
-----------------------
LaTeX Font Info:    External font `cmex10' loaded for size
(Font)              <12> on input line 66.
LaTeX Font Info:    External font `cmex10' loaded for size
(Font)              <8> on input line 66.
LaTeX Font Info:    External font `cmex10' loaded for size
(Font)              <6> on input line 66.

Overfull \hbox (9.07182pt too wide) in paragraph at lines 66--66
 [] 
 []

LaTeX Font Info:    External font `cmex10' loaded for size
(Font)              <5> on input line 66.
<unrc.png, id=1, 160.6pt x 241.90375pt>
File: unrc.png Graphic file (type png)
 <use unrc.png> [1{/var/lib/texmf/fonts/map/pdftex/updmap/pdftex.map}


 <./unrc.png (PNG copy)>]
Underfull \hbox (badness 10000) in paragraph at lines 97--98

 []

<clementina.png, id=15, 665.48625pt x 537.00626pt>
File: clementina.png Graphic file (type png)
 <use clementina.png>
Underfull \hbox (badness 10000) in paragraph at lines 106--107

 []

[2 <./clementina.png>] (./Articulo.aux) ) 
Here is how much of TeX's memory you used:
 2049 strings out of 94834
 25160 string characters out of 1179181
 85318 words of memory out of 1500000
 5250 multiletter control sequences out of 10000+50000
 9237 words of font info for 32 fonts, out of 1200000 for 2000
 212 hyphenation exceptions out of 8191
 32i,11n,25p,641b,286s stack positions out of 5000i,500n,6000p,200000b,5000s
</usr/share/texmf-texlive/fonts/type1/
bluesky/cm/cmbx12.pfb></usr/share/texmf-texlive/fonts/type1/bluesky/cm/cmbx8.pf
b></usr/share/texmf-texlive/fonts/type1/bluesky/cm/cmcsc10.pfb></usr/share/texm
f-texlive/fonts/type1/bluesky/cm/cmmi8.pfb></usr/share/texmf-texlive/fonts/type
1/bluesky/cm/cmr10.pfb></usr/share/texmf-texlive/fonts/type1/bluesky/cm/cmr12.p
fb></usr/share/texmf-texlive/fonts/type1/bluesky/cm/cmr8.pfb></usr/share/texmf-
texlive/fonts/type1/bluesky/cm/cmssbx10.pfb></usr/share/texmf-texlive/fonts/typ
e1/bluesky/cm/cmti10.pfb></usr/share/texmf-texlive/fonts/type1/bluesky/cm/cmti1
2.pfb></usr/share/texmf-texlive/fonts/type1/bluesky/cm/cmti8.pfb>
Output written on Articulo.pdf (2 pages, 323152 bytes).
PDF statistics:
 57 PDF objects out of 1000 (max. 8388607)
 0 named destinations out of 1000 (max. 131072)
 11 words of extra memory for PDF output out of 10000 (max. 10000000)

